skip template file c:/UE_4.27\Engine\Binaries\ThirdParty\USD\UsdResources\Win64\plugins\usd\resources\codegenTemplates\schemaClass.h.
skip template file c:/UE_4.27\Engine\Binaries\ThirdParty\USD\UsdResources\Win64\plugins\usd\resources\codegenTemplates\tokens.h.
skip template file c:/UE_4.27\Engine\Binaries\ThirdParty\USD\UsdResources\Win64\plugins\usd\resources\codegenTemplates\schemaClass.cpp.
skip template file c:/UE_4.27\Engine\Binaries\ThirdParty\USD\UsdResources\Win64\plugins\usd\resources\codegenTemplates\tokens.cpp.
skip template file c:/UE_4.27\Engine\Binaries\ThirdParty\USD\UsdResources\Win64\plugins\usd\resources\codegenTemplates\wrapSchemaClass.cpp.
skip template file c:/UE_4.27\Engine\Binaries\ThirdParty\USD\UsdResources\Win64\plugins\usd\resources\codegenTemplates\wrapTokens.cpp.
skip Object C file c:/UE_4.27\Engine\Plugins\Developer\CLionSourceCodeAccess\Source\CLionSourceCodeAccess\Private\CLionSourceCodeAccessor.cpp.
skip Object C file c:/UE_4.27\Engine\Plugins\Developer\VisualStudioCodeSourceCodeAccess\Source\VisualStudioCodeSourceCodeAccess\Private\VisualStudioCodeSourceCodeAccessor.cpp.
skip Object C file c:/UE_4.27\Engine\Plugins\Developer\XCodeSourceCodeAccess\Source\XCodeSourceCodeAccess\Private\XCodeSourceCodeAccessor.cpp.
c:/UE_4.27\Engine\Plugins\Enterprise\DatasmithCADImporter\Source\DatasmithWireTranslator\Private\AliasCoretechWrapper.cpp can't parsed !
c:/UE_4.27\Engine\Plugins\Enterprise\DatasmithCADImporter\Source\DatasmithWireTranslator2021\Private\AliasCoretechWrapper.cpp can't parsed !
[error] input left, last token var line 111, cur token ) line 111 file:c:/UE_4.27\Engine\Plugins\Experimental\AlembicImporter\Source\ThirdParty\Alembic\hdf5\config\cmake_ext_mod\HDFTests.c
[error] input left, last token ; line 559, cur token } line 560 file:c:/UE_4.27\Engine\Plugins\Experimental\AlembicImporter\Source\ThirdParty\Alembic\hdf5\fortran\src\H5match_types.c
[error] input left, last token ) line 3032, cur token } line 3034 file:c:/UE_4.27\Engine\Plugins\Experimental\AlembicImporter\Source\ThirdParty\Alembic\hdf5\src\H5C.c
[error] input left, last token ; line 2950, cur token } line 2952 file:c:/UE_4.27\Engine\Plugins\Experimental\AlembicImporter\Source\ThirdParty\Alembic\hdf5\testpar\t_shapesame.c
skip Object C file c:/UE_4.27\Engine\Plugins\Experimental\AppleVision\Source\AppleVision\Private\AppleVisionPlugin.cpp.
[error] input left, last token } line 114, cur token } line 115 file:c:/UE_4.27\Engine\Plugins\Experimental\ColorCorrectRegions\Source\ColorCorrectRegions\Private\ColorCorrectRegionSubsystem.cpp
[error] input left, last token ) line 341, cur token } line 343 file:c:/UE_4.27\Engine\Plugins\Experimental\ProxyLODPlugin\Source\ThirdParty\boost\functional\forward_adapter.hpp
[error] input left, last token ; line 424, cur token } line 425 file:c:/UE_4.27\Engine\Plugins\Experimental\ProxyLODPlugin\Source\ThirdParty\boost\lambda\detail\lambda_functor_base.hpp
[error] input left, last token } line 158, cur token } line 158 file:c:/UE_4.27\Engine\Plugins\Experimental\ProxyLODPlugin\Source\ThirdParty\boost\mpl\aux_\logical_op.hpp
[error] input left, last token ) line 60, cur token } line 61 file:c:/UE_4.27\Engine\Plugins\Experimental\ProxyLODPlugin\Source\ThirdParty\boost\mpl\aux_\msvc_dtw.hpp
[error] input left, last token ) line 142, cur token } line 144 file:c:/UE_4.27\Engine\Plugins\Experimental\ProxyLODPlugin\Source\ThirdParty\boost\type_traits\is_virtual_base_of.hpp
[error] input left, last token } line 1374, cur token } line 1376 file:c:/UE_4.27\Engine\Plugins\Experimental\ProxyLODPlugin\Source\ThirdParty\boost\multi_index_container.hpp
skip template file c:/UE_4.27\Engine\Plugins\Importers\USDImporter\Resources\UsdResources\Linux\plugins\usd\resources\codegenTemplates\schemaClass.h.
skip template file c:/UE_4.27\Engine\Plugins\Importers\USDImporter\Resources\UsdResources\Linux\plugins\usd\resources\codegenTemplates\tokens.h.
skip template file c:/UE_4.27\Engine\Plugins\Importers\USDImporter\Resources\UsdResources\Linux\plugins\usd\resources\codegenTemplates\schemaClass.cpp.
skip template file c:/UE_4.27\Engine\Plugins\Importers\USDImporter\Resources\UsdResources\Linux\plugins\usd\resources\codegenTemplates\tokens.cpp.
skip template file c:/UE_4.27\Engine\Plugins\Importers\USDImporter\Resources\UsdResources\Linux\plugins\usd\resources\codegenTemplates\wrapSchemaClass.cpp.
skip template file c:/UE_4.27\Engine\Plugins\Importers\USDImporter\Resources\UsdResources\Linux\plugins\usd\resources\codegenTemplates\wrapTokens.cpp.
skip template file c:/UE_4.27\Engine\Plugins\Importers\USDImporter\Resources\UsdResources\Mac\plugins\usd\resources\codegenTemplates\schemaClass.h.
skip template file c:/UE_4.27\Engine\Plugins\Importers\USDImporter\Resources\UsdResources\Mac\plugins\usd\resources\codegenTemplates\tokens.h.
skip template file c:/UE_4.27\Engine\Plugins\Importers\USDImporter\Resources\UsdResources\Mac\plugins\usd\resources\codegenTemplates\schemaClass.cpp.
skip template file c:/UE_4.27\Engine\Plugins\Importers\USDImporter\Resources\UsdResources\Mac\plugins\usd\resources\codegenTemplates\tokens.cpp.
skip template file c:/UE_4.27\Engine\Plugins\Importers\USDImporter\Resources\UsdResources\Mac\plugins\usd\resources\codegenTemplates\wrapSchemaClass.cpp.
skip template file c:/UE_4.27\Engine\Plugins\Importers\USDImporter\Resources\UsdResources\Mac\plugins\usd\resources\codegenTemplates\wrapTokens.cpp.
skip template file c:/UE_4.27\Engine\Plugins\Importers\USDImporter\Resources\UsdResources\Win64\plugins\usd\resources\codegenTemplates\schemaClass.h.
skip template file c:/UE_4.27\Engine\Plugins\Importers\USDImporter\Resources\UsdResources\Win64\plugins\usd\resources\codegenTemplates\tokens.h.
skip template file c:/UE_4.27\Engine\Plugins\Importers\USDImporter\Resources\UsdResources\Win64\plugins\usd\resources\codegenTemplates\schemaClass.cpp.
skip template file c:/UE_4.27\Engine\Plugins\Importers\USDImporter\Resources\UsdResources\Win64\plugins\usd\resources\codegenTemplates\tokens.cpp.
skip template file c:/UE_4.27\Engine\Plugins\Importers\USDImporter\Resources\UsdResources\Win64\plugins\usd\resources\codegenTemplates\wrapSchemaClass.cpp.
skip template file c:/UE_4.27\Engine\Plugins\Importers\USDImporter\Resources\UsdResources\Win64\plugins\usd\resources\codegenTemplates\wrapTokens.cpp.
[error] input left, last token } line 158, cur token } line 158 file:c:/UE_4.27\Engine\Plugins\Importers\USDImporter\Source\ThirdParty\USD\include\boost\mpl\aux_\logical_op.hpp
[error] input left, last token ) line 60, cur token } line 61 file:c:/UE_4.27\Engine\Plugins\Importers\USDImporter\Source\ThirdParty\USD\include\boost\mpl\aux_\msvc_dtw.hpp
[error] input left, last token } line 754, cur token } line 754 file:c:/UE_4.27\Engine\Plugins\Importers\USDImporter\Source\ThirdParty\USD\include\boost\python\suite\indexing\detail\indexing_suite_detail.hpp
[error] input left, last token ) line 142, cur token } line 144 file:c:/UE_4.27\Engine\Plugins\Importers\USDImporter\Source\ThirdParty\USD\include\boost\type_traits\is_virtual_base_of.hpp
[error] input left, last token } line 1386, cur token } line 1388 file:c:/UE_4.27\Engine\Plugins\Importers\USDImporter\Source\ThirdParty\USD\include\boost\multi_index_container.hpp
skip Object C file c:/UE_4.27\Engine\Plugins\Media\AvfMedia\Source\AvfMedia\Private\Player\AvfMediaPlayer.cpp.
skip Object C file c:/UE_4.27\Engine\Plugins\Media\AvfMedia\Source\AvfMedia\Private\Player\AvfMediaTracks.cpp.
skip Object C file c:/UE_4.27\Engine\Plugins\Online\IOS\OnlineSubsystemIOS\Source\Private\OnlineAchievementsInterfaceIOS.cpp.
skip Object C file c:/UE_4.27\Engine\Plugins\Online\IOS\OnlineSubsystemIOS\Source\Private\OnlineIdentityInterfaceIOS.cpp.
skip Object C file c:/UE_4.27\Engine\Plugins\Online\IOS\OnlineSubsystemIOS\Source\Private\OnlineLeaderboardsInterfaceIOS.cpp.
skip Object C file c:/UE_4.27\Engine\Plugins\Online\IOS\OnlineSubsystemIOS\Source\Private\OnlineSessionInterfaceIOS.cpp.
skip Object C file c:/UE_4.27\Engine\Plugins\Online\IOS\OnlineSubsystemIOS\Source\Private\OnlineStoreInterfaceIOS.cpp.
skip Object C file c:/UE_4.27\Engine\Plugins\Online\IOS\OnlineSubsystemIOS\Source\Private\OnlineStoreKitHelper.cpp.
skip Object C file c:/UE_4.27\Engine\Plugins\Online\IOS\OnlineSubsystemIOS\Source\Private\OnlineSubsystemIOS.cpp.
skip Object C file c:/UE_4.27\Engine\Plugins\Online\IOS\OnlineSubsystemIOS\Source\Private\OnlineTurnBasedInterfaceIOS.cpp.
skip Object C file c:/UE_4.27\Engine\Plugins\Online\IOS\OnlineSubsystemIOS\Source\Private\OnlineUserCloudInterfaceIOS.cpp.
skip Object C file c:/UE_4.27\Engine\Plugins\Online\IOS\OnlineSubsystemIOS\Source\Private\TurnBasedEventListener.cpp.
skip Object C file c:/UE_4.27\Engine\Plugins\Online\IOS\OnlineSubsystemIOS\Source\Private\TurnBasedMatchmakerIOS.cpp.
skip Object C file c:/UE_4.27\Engine\Plugins\Online\OnlineSubsystemApple\Source\Private\OnlineExternalUIInterfaceApple.cpp.
skip Object C file c:/UE_4.27\Engine\Plugins\Online\OnlineSubsystemEOS\Source\OnlineSubsystemEOS\Private\IOS\IOSEOSHelpers.cpp.
skip Object C file c:/UE_4.27\Engine\Plugins\Online\OnlineSubsystemFacebook\Source\Private\IOS\FacebookHelper.cpp.
skip Object C file c:/UE_4.27\Engine\Plugins\Online\OnlineSubsystemFacebook\Source\Private\IOS\OnlineIdentityFacebook.cpp.
skip Object C file c:/UE_4.27\Engine\Plugins\Online\OnlineSubsystemFacebook\Source\Private\IOS\OnlineSharingFacebook.cpp.
skip Object C file c:/UE_4.27\Engine\Plugins\Online\OnlineSubsystemFacebook\Source\Private\IOS\OnlineSubsystemFacebook.cpp.
skip Object C file c:/UE_4.27\Engine\Plugins\Online\OnlineSubsystemFacebook\Source\Private\IOS\OnlineUserFacebook.cpp.
skip Object C file c:/UE_4.27\Engine\Plugins\Online\OnlineSubsystemGoogle\Source\Private\IOS\OnlineIdentityGoogle.cpp.
skip Object C file c:/UE_4.27\Engine\Plugins\Online\VoiceChat\EOSVoiceChat\Source\EOSVoiceChat\Private\IOS\IOSEOSVoiceChat.cpp.
skip Object C file c:/UE_4.27\Engine\Plugins\Online\VoiceChat\VivoxVoiceChat\Source\Private\IOS\IOSVivoxVoiceChat.cpp.
skip Object C file c:/UE_4.27\Engine\Plugins\Online\WebAuth\Source\Private\IOS\IOSPlatformWebAuth.cpp.
skip Object C file c:/UE_4.27\Engine\Plugins\Runtime\Advertising\IOSTapJoy\Source\IOSTapJoy\Private\IOSTapJoy.cpp.
skip Object C file c:/UE_4.27\Engine\Plugins\Runtime\AppleImageUtils\Source\AppleImageUtils\Private\AppleImageUtilsPlugin.cpp.
skip Object C file c:/UE_4.27\Engine\Plugins\Runtime\AppleMoviePlayer\Source\AppleMoviePlayer\Private\AppleMovieStreamer.cpp.
skip Object C file c:/UE_4.27\Engine\Plugins\Runtime\AR\AppleAR\AppleARKit\Source\AppleARKit\Private\AppleARKitConversion.cpp.
skip Object C file c:/UE_4.27\Engine\Plugins\Runtime\AR\AppleAR\AppleARKit\Source\AppleARKit\Private\AppleARKitSystem.cpp.
skip Object C file c:/UE_4.27\Engine\Plugins\Runtime\AR\AppleAR\AppleARKit\Source\AppleARKit\Private\AppleARKitTextures.cpp.
skip Object C file c:/UE_4.27\Engine\Plugins\Runtime\AR\AppleAR\AppleARKit\Source\AppleARKit\Private\ARKitCoachingOverlay.cpp.
skip Object C file c:/UE_4.27\Engine\Plugins\Runtime\AR\AppleAR\AppleARKit\Source\AppleARKit\Private\ARKitGeoTrackingSupport.cpp.
skip Object C file c:/UE_4.27\Engine\Plugins\Runtime\AR\AppleAR\AppleARKitFaceSupport\Source\AppleARKitFaceSupport\Private\AppleARKitFaceMeshComponent.cpp.
skip Object C file c:/UE_4.27\Engine\Plugins\Runtime\AR\AzureSpatialAnchorsForARKit\Source\AzureSpatialAnchorsForARKit\Private\AzureSpatialAnchorsARKitInterop.cpp.
[error] input left, last token 0x40 line 19197, cur token } line 19198 file:c:/UE_4.27\Engine\Plugins\Runtime\Database\SQLiteCore\Source\SQLiteCore\Private\sqlite\sqlite3.inl
skip Object C file c:/UE_4.27\Engine\Plugins\Runtime\Firebase\Source\ThirdParty\IOS\include\FIROptions.h.
skip Object C file c:/UE_4.27\Engine\Plugins\Runtime\IOSReplayKit\Source\IOSReplayKit\Private\IOSReplayKit.cpp.
skip Object C file c:/UE_4.27\Engine\Plugins\Runtime\IOSReplayKit\Source\IOSReplayKit\Private\ReplayKitRecorder.cpp.
skip Object C file c:/UE_4.27\Engine\Plugins\Runtime\LocationServicesIOSImpl\Source\LocationServicesIOSImpl\Private\LocationServicesIOSImpl.cpp.
c:/UE_4.27\Engine\Plugins\Runtime\Steam\SteamVR\Source\SteamVR\Private\SteamVRHMD.cpp can't parsed !
skip Object C file c:/UE_4.27\Engine\Source\Developer\CrashDebugHelper\Private\Mac\CrashDebugHelperMac.cpp.
skip Object C file c:/UE_4.27\Engine\Source\Developer\DesktopPlatform\Private\Mac\DesktopPlatformMac.cpp.
skip Object C file c:/UE_4.27\Engine\Source\Developer\DesktopPlatform\Private\Mac\MacNativeFeedbackContext.cpp.
[error] input left, last token ; line 113, cur token } line 114 file:c:/UE_4.27\Engine\Source\Developer\Linux\LinuxTargetPlatform\Private\LinuxTargetPlatform.h
skip Object C file c:/UE_4.27\Engine\Source\Developer\Mac\MacTargetPlatform\Private\LocalMacTargetDevice.h.
skip Object C file c:/UE_4.27\Engine\Source\Developer\StandaloneRenderer\Private\IOS\SlateOpenGLESView.cpp.
skip Object C file c:/UE_4.27\Engine\Source\Developer\StandaloneRenderer\Private\IOS\SlateOpenGLViewport.cpp.
skip Object C file c:/UE_4.27\Engine\Source\Developer\StandaloneRenderer\Private\Mac\OpenGL\SlateOpenGLContext.cpp.
skip Object C file c:/UE_4.27\Engine\Source\Runtime\Apple\MetalRHI\Private\Shaders\MetalShaderParameterCache.cpp.
skip Object C file c:/UE_4.27\Engine\Source\Runtime\Apple\MetalRHI\Private\MetalCommandBuffer.cpp.
skip Object C file c:/UE_4.27\Engine\Source\Runtime\Apple\MetalRHI\Private\MetalCommandEncoder.cpp.
skip Object C file c:/UE_4.27\Engine\Source\Runtime\Apple\MetalRHI\Private\MetalCommandQueue.cpp.
skip Object C file c:/UE_4.27\Engine\Source\Runtime\Apple\MetalRHI\Private\MetalDebugCommandEncoder.cpp.
skip Object C file c:/UE_4.27\Engine\Source\Runtime\Apple\MetalRHI\Private\MetalFence.cpp.
skip Object C file c:/UE_4.27\Engine\Source\Runtime\Apple\MetalRHI\Private\MetalPipeline.cpp.
skip Object C file c:/UE_4.27\Engine\Source\Runtime\Apple\MetalRHI\Private\MetalRenderCommandEncoder.cpp.
skip Object C file c:/UE_4.27\Engine\Source\Runtime\Apple\MetalRHI\Private\MetalShaders.cpp.
skip Object C file c:/UE_4.27\Engine\Source\Runtime\Apple\MetalRHI\Private\MetalVertexBuffer.cpp.
skip Object C file c:/UE_4.27\Engine\Source\Runtime\Apple\MetalRHI\Private\MetalViewport.cpp.
skip Object C file c:/UE_4.27\Engine\Source\Runtime\ApplicationCore\Private\IOS\Accessibility\IOSAccessibilityCache.cpp.
skip Object C file c:/UE_4.27\Engine\Source\Runtime\ApplicationCore\Private\IOS\Accessibility\IOSAccessibilityElement.cpp.
skip Object C file c:/UE_4.27\Engine\Source\Runtime\ApplicationCore\Private\IOS\IOSAppDelegate.cpp.
skip Object C file c:/UE_4.27\Engine\Source\Runtime\ApplicationCore\Private\IOS\IOSApplication.cpp.
skip Object C file c:/UE_4.27\Engine\Source\Runtime\ApplicationCore\Private\IOS\IOSBackgroundURLSessionHandler.cpp.
skip Object C file c:/UE_4.27\Engine\Source\Runtime\ApplicationCore\Private\IOS\IOSInputInterface.cpp.
skip Object C file c:/UE_4.27\Engine\Source\Runtime\ApplicationCore\Private\IOS\IOSPaymentTransactionObserver.cpp.
skip Object C file c:/UE_4.27\Engine\Source\Runtime\ApplicationCore\Private\IOS\IOSPlatformApplicationMisc.cpp.
skip Object C file c:/UE_4.27\Engine\Source\Runtime\ApplicationCore\Private\IOS\IOSPlatformFramePacer.cpp.
skip Object C file c:/UE_4.27\Engine\Source\Runtime\ApplicationCore\Private\IOS\IOSPlatformSurvey.cpp.
skip Object C file c:/UE_4.27\Engine\Source\Runtime\ApplicationCore\Private\IOS\IOSView.cpp.
skip Object C file c:/UE_4.27\Engine\Source\Runtime\ApplicationCore\Private\IOS\IOSWindow.cpp.
skip Object C file c:/UE_4.27\Engine\Source\Runtime\ApplicationCore\Private\Mac\Accessibility\CocoaAccessibilityView.cpp.
skip Object C file c:/UE_4.27\Engine\Source\Runtime\ApplicationCore\Private\Mac\Accessibility\MacAccessibilityElement.cpp.
skip Object C file c:/UE_4.27\Engine\Source\Runtime\ApplicationCore\Private\Mac\Accessibility\MacAccessibilityManager.cpp.
skip Object C file c:/UE_4.27\Engine\Source\Runtime\ApplicationCore\Private\Mac\CocoaTextView.cpp.
skip Object C file c:/UE_4.27\Engine\Source\Runtime\ApplicationCore\Private\Mac\CocoaWindow.cpp.
skip Object C file c:/UE_4.27\Engine\Source\Runtime\ApplicationCore\Private\Mac\MacApplication.cpp.
skip Object C file c:/UE_4.27\Engine\Source\Runtime\ApplicationCore\Private\Mac\MacConsoleOutputDevice.cpp.
skip Object C file c:/UE_4.27\Engine\Source\Runtime\ApplicationCore\Private\Mac\MacCursor.cpp.
skip Object C file c:/UE_4.27\Engine\Source\Runtime\ApplicationCore\Private\Mac\MacPlatformApplicationMisc.cpp.
skip Object C file c:/UE_4.27\Engine\Source\Runtime\ApplicationCore\Private\Mac\MacPlatformSplash.cpp.
skip Object C file c:/UE_4.27\Engine\Source\Runtime\ApplicationCore\Private\Mac\MacPlatformSurvey.cpp.
skip Object C file c:/UE_4.27\Engine\Source\Runtime\ApplicationCore\Private\Mac\MacTextInputMethodSystem.cpp.
skip Object C file c:/UE_4.27\Engine\Source\Runtime\ApplicationCore\Private\Mac\MacWindow.cpp.
skip Object C file c:/UE_4.27\Engine\Source\Runtime\AVIWriter\Private\AVIWriter.cpp.
skip Object C file c:/UE_4.27\Engine\Source\Runtime\Core\Private\Apple\ApplePlatformFile.cpp.
skip Object C file c:/UE_4.27\Engine\Source\Runtime\Core\Private\IOS\IOSAsyncTask.cpp.
skip Object C file c:/UE_4.27\Engine\Source\Runtime\Core\Private\IOS\IOSChunkInstaller.cpp.
skip Object C file c:/UE_4.27\Engine\Source\Runtime\Core\Private\IOS\IOSPlatformCrashContext.cpp.
skip Object C file c:/UE_4.27\Engine\Source\Runtime\Core\Private\IOS\IOSPlatformFile.cpp.
skip Object C file c:/UE_4.27\Engine\Source\Runtime\Core\Private\IOS\IOSPlatformMisc.cpp.
skip Object C file c:/UE_4.27\Engine\Source\Runtime\Core\Private\IOS\IOSPlatformProcess.cpp.
skip Object C file c:/UE_4.27\Engine\Source\Runtime\Core\Private\Mac\CocoaThread.cpp.
skip Object C file c:/UE_4.27\Engine\Source\Runtime\Core\Private\Mac\MacPlatformMisc.cpp.
skip Object C file c:/UE_4.27\Engine\Source\Runtime\Core\Private\Mac\MacPlatformProcess.cpp.
skip Object C file c:/UE_4.27\Engine\Source\Runtime\Core\Public\Apple\ApplePlatformMisc.h.
skip Object C file c:/UE_4.27\Engine\Source\Runtime\Core\Public\IOS\IOSCommandLineHelper.h.
[error] input left, last token ; line 457, cur token } line 458 file:c:/UE_4.27\Engine\Source\Runtime\Engine\Classes\Engine\StaticMesh.h
[error] input left, last token ) line 2572, cur token } line 2573 file:c:/UE_4.27\Engine\Source\Runtime\Engine\Private\HierarchicalInstancedStaticMesh.cpp
skip Object C file c:/UE_4.27\Engine\Source\Runtime\ImageWrapper\Private\Formats\IcnsImageWrapper.cpp.
skip Object C file c:/UE_4.27\Engine\Source\Runtime\IOS\IOSLocalNotification\Private\IOSLocalNotification.cpp.
skip Object C file c:/UE_4.27\Engine\Source\Runtime\Launch\Private\IOS\IOSAppDelegateConsoleHandling.cpp.
skip Object C file c:/UE_4.27\Engine\Source\Runtime\Launch\Private\IOS\LaunchIOS.cpp.
skip Object C file c:/UE_4.27\Engine\Source\Runtime\Launch\Private\Mac\LaunchMac.cpp.
skip Object C file c:/UE_4.27\Engine\Source\Runtime\Launch\Private\LaunchEngineLoop.cpp.
skip Object C file c:/UE_4.27\Engine\Source\Runtime\Online\BackgroundHTTP\Private\IOS\ApplePlatformBackgroundHttpManager.cpp.
skip Object C file c:/UE_4.27\Engine\Source\Runtime\Online\BackgroundHTTP\Private\IOS\ApplePlatformBackgroundHttpRequest.cpp.
skip Object C file c:/UE_4.27\Engine\Source\Runtime\Online\HTTP\Private\Apple\AppleHTTP.cpp.
skip Object C file c:/UE_4.27\Engine\Source\Runtime\Slate\Private\Framework\MultiBox\Mac\MacMenu.cpp.
skip Object C file c:/UE_4.27\Engine\Source\Runtime\Slate\Private\Framework\Text\IOS\IOSPlatformTextField.cpp.
c:/UE_4.27\Engine\Source\Runtime\SlateCore\Private\Fonts\SlateFontRenderer.h can't parsed !
skip Object C file c:/UE_4.27\Engine\Source\Runtime\WebBrowser\Private\IOS\IOSPlatformWebBrowser.cpp.
skip Object C file c:/UE_4.27\Engine\Source\Runtime\WebBrowser\Private\WebBrowserSingleton.cpp.
[error] input left, last token ; line 352, cur token } line 354 file:c:/UE_4.27\Engine\Source\ThirdParty\Breakpad\src\common\dwarf_cu_to_module.h
[error] input left, last token ; line 207, cur token } line 209 file:c:/UE_4.27\Engine\Source\ThirdParty\Breakpad\src\common\dwarf_line_to_module.h
[error] input left, last token ) line 345, cur token } line 346 file:c:/UE_4.27\Engine\Source\ThirdParty\CryptoPP\5.6.5\include\eccrypto.h
[error] input left, last token ) line 14, cur token } line 15 file:c:/UE_4.27\Engine\Source\ThirdParty\FBX\2020.2\include\fbxsdk\fbxsdk_nsend.h
[error] input left, last token } line 315, cur token } line 316 file:c:/UE_4.27\Engine\Source\ThirdParty\Intel\TBB\IntelTBB-2019u8\Include\tbb\internal\_flow_graph_body_impl.h
[error] input left, last token } line 516, cur token } line 517 file:c:/UE_4.27\Engine\Source\ThirdParty\Intel\TBB\IntelTBB-2019u8\Include\tbb\internal\_flow_graph_impl.h
[error] input left, last token } line 118, cur token } line 118 file:c:/UE_4.27\Engine\Source\ThirdParty\Intel\TBB\IntelTBB-2019u8\Include\tbb\machine\msvc_ia32_common.h
[error] input left, last token } line 1908, cur token } line 1909 file:c:/UE_4.27\Engine\Source\ThirdParty\llvm\8\include\llvm\Support\YAMLTraits.h
[error] input left, last token ; line 992, cur token } line 994 file:c:/UE_4.27\Engine\Source\ThirdParty\nvTextureTools\nvTextureTools-2.0.6\src\src\nvmath\Matrix.h
[error] input left, last token ; line 992, cur token } line 994 file:c:/UE_4.27\Engine\Source\ThirdParty\nvTextureTools\nvTextureTools-2.0.8\src\src\nvmath\Matrix.h
[error] input left, last token ) line 63, cur token } line 64 file:c:/UE_4.27\Engine\Source\ThirdParty\PhysX3\PxShared\include\foundation\PxUnionCast.h
[error] input left, last token ; line 175, cur token } line 175 file:c:/UE_4.27\Engine\Source\ThirdParty\PhysX3\PxShared\src\foundation\include\unix\sse2\PsUnixSse2InlineAoS.h
skip Object C file c:/UE_4.27\Engine\Source\ThirdParty\PLCrashReporter\PLCrashReporter\Source\CrashReporter.h.
skip Object C file c:/UE_4.27\Engine\Source\ThirdParty\ShaderConductor\ShaderConductor\External\cxxopts\test\catch.hpp.
skip Object C file c:/UE_4.27\Engine\Source\ThirdParty\WebRTC\4147\Include\third_party\protobuf\objectivec\GPBExtensionRegistry.h.
[error] input left, last token mBoundary line 23, cur token } line 24 file:c:/UE_4.27\Engine\Source\ThirdParty\WebRTC\4147\Include\tools\strict_enum_value_checker\changed_file_4.h
